[ 2016-03-08T09:03:36+08:00 ] 192.168.2.233 /php/erp/test/Application/Admin/View/Public/css/theme/.css
INFO: [ app_init ] --START--
INFO: Run Behavior\BuildLiteBehavior [ RunTime:0.000000s ]
INFO: [ app_init ] --END-- [ RunTime:0.001000s ]
ERR: 无法加载模块:Application

[ 2016-03-08T09:03:36+08:00 ] 192.168.2.233 /php/erp/test/logo.png
INFO: [ app_init ] --START--
INFO: Run Behavior\BuildLiteBehavior [ RunTime:0.000000s ]
INFO: [ app_init ] --END-- [ RunTime:0.001000s ]
ERR: 无法加载模块:Logo

[ 2016-03-08T09:26:40+08:00 ] 192.168.2.233 /php/erp/test/Stock/
INFO: [ app_init ] --START--
INFO: Run Behavior\BuildLiteBehavior [ RunTime:0.000000s ]
INFO: [ app_init ] --END-- [ RunTime:0.000000s ]
ERR: 无法加载模块:Stock

[ 2016-03-08T09:29:12+08:00 ] 192.168.2.233 /php/erp/test/Application/Admin/View/Public/css/theme/.css
INFO: [ app_init ] --START--
INFO: Run Behavior\BuildLiteBehavior [ RunTime:0.000000s ]
INFO: [ app_init ] --END-- [ RunTime:0.001000s ]
ERR: 无法加载模块:Application

[ 2016-03-08T10:51:56+08:00 ] 192.168.2.233 /php/erp/test/Application/Admin/View/Public/css/theme/.css
INFO: [ app_init ] --START--
INFO: Run Behavior\BuildLiteBehavior [ RunTime:0.000000s ]
INFO: [ app_init ] --END-- [ RunTime:0.000000s ]
ERR: 无法加载模块:Application

[ 2016-03-08T10:56:28+08:00 ] 192.168.2.233 /php/erp/test/Application/Admin/View/Public/css/theme/.css
INFO: [ app_init ] --START--
INFO: Run Behavior\BuildLiteBehavior [ RunTime:0.000000s ]
INFO: [ app_init ] --END-- [ RunTime:0.001000s ]
ERR: 无法加载模块:Application

[ 2016-03-08T11:01:41+08:00 ] 192.168.2.233 /php/erp/test/Application/Admin/View/Public/css/theme/.css
INFO: [ app_init ] --START--
INFO: Run Behavior\BuildLiteBehavior [ RunTime:0.000000s ]
INFO: [ app_init ] --END-- [ RunTime:0.000000s ]
ERR: 无法加载模块:Application

[ 2016-03-08T11:01:43+08:00 ] 192.168.2.233 /php/erp/test/Application/Admin/View/Public/css/theme/.css
INFO: [ app_init ] --START--
INFO: Run Behavior\BuildLiteBehavior [ RunTime:0.000000s ]
INFO: [ app_init ] --END-- [ RunTime:0.000000s ]
ERR: 无法加载模块:Application

[ 2016-03-08T11:01:44+08:00 ] 192.168.2.233 /php/erp/test/Application/Admin/View/Public/css/theme/.css
INFO: [ app_init ] --START--
INFO: Run Behavior\BuildLiteBehavior [ RunTime:0.000000s ]
INFO: [ app_init ] --END-- [ RunTime:0.000000s ]
ERR: 无法加载模块:Application

[ 2016-03-08T11:01:47+08:00 ] 192.168.2.233 /php/erp/test/Application/Admin/View/Public/css/theme/.css
INFO: [ app_init ] --START--
INFO: Run Behavior\BuildLiteBehavior [ RunTime:0.000000s ]
INFO: [ app_init ] --END-- [ RunTime:0.000000s ]
ERR: 无法加载模块:Application

[ 2016-03-08T11:01:52+08:00 ] 192.168.2.233 /php/erp/test/Application/Admin/View/Public/css/theme/.css
INFO: [ app_init ] --START--
INFO: Run Behavior\BuildLiteBehavior [ RunTime:0.000000s ]
INFO: [ app_init ] --END-- [ RunTime:0.000000s ]
ERR: 无法加载模块:Application

[ 2016-03-08T11:02:13+08:00 ] 192.168.2.233 /php/erp/test/Application/Admin/View/Public/css/theme/.css
INFO: [ app_init ] --START--
INFO: Run Behavior\BuildLiteBehavior [ RunTime:0.000000s ]
INFO: [ app_init ] --END-- [ RunTime:0.000000s ]
ERR: 无法加载模块:Application

[ 2016-03-08T11:22:30+08:00 ] 192.168.2.233 /php/erp/test/Application/Admin/View/Public/css/theme/.css
INFO: [ app_init ] --START--
INFO: Run Behavior\BuildLiteBehavior [ RunTime:0.000000s ]
INFO: [ app_init ] --END-- [ RunTime:0.000000s ]
ERR: 无法加载模块:Application

[ 2016-03-08T11:31:53+08:00 ] 192.168.2.233 /php/erp/test/Application/Admin/View/Public/css/theme/.css
INFO: [ app_init ] --START--
INFO: Run Behavior\BuildLiteBehavior [ RunTime:0.000000s ]
INFO: [ app_init ] --END-- [ RunTime:0.000000s ]
ERR: 无法加载模块:Application

[ 2016-03-08T14:00:06+08:00 ] 192.168.2.233 /php/erp/test/Application/Admin/View/Public/css/theme/.css
INFO: [ app_init ] --START--
INFO: Run Behavior\BuildLiteBehavior [ RunTime:0.000000s ]
INFO: [ app_init ] --END-- [ RunTime:0.000000s ]
ERR: 无法加载模块:Application

[ 2016-03-08T14:01:07+08:00 ] 192.168.2.233 /php/erp/test/Application/Admin/View/Public/css/theme/.css
INFO: [ app_init ] --START--
INFO: Run Behavior\BuildLiteBehavior [ RunTime:0.000000s ]
INFO: [ app_init ] --END-- [ RunTime:0.000000s ]
ERR: 无法加载模块:Application

[ 2016-03-08T14:01:10+08:00 ] 192.168.2.233 /php/erp/test/Application/Admin/View/Public/css/theme/.css
INFO: [ app_init ] --START--
INFO: Run Behavior\BuildLiteBehavior [ RunTime:0.000000s ]
INFO: [ app_init ] --END-- [ RunTime:0.000000s ]
ERR: 无法加载模块:Application

[ 2016-03-08T14:01:15+08:00 ] 192.168.2.233 /php/erp/test/Application/Admin/View/Public/css/theme/.css
INFO: [ app_init ] --START--
INFO: Run Behavior\BuildLiteBehavior [ RunTime:0.000000s ]
INFO: [ app_init ] --END-- [ RunTime:0.001000s ]
ERR: 无法加载模块:Application

[ 2016-03-08T14:01:32+08:00 ] 192.168.2.233 /php/erp/test/Application/Admin/View/Public/css/theme/.css
INFO: [ app_init ] --START--
INFO: Run Behavior\BuildLiteBehavior [ RunTime:0.000000s ]
INFO: [ app_init ] --END-- [ RunTime:0.001000s ]
ERR: 无法加载模块:Application

[ 2016-03-08T14:01:38+08:00 ] 192.168.2.233 /php/erp/test/Application/Admin/View/Public/css/theme/.css
INFO: [ app_init ] --START--
INFO: Run Behavior\BuildLiteBehavior [ RunTime:0.000000s ]
INFO: [ app_init ] --END-- [ RunTime:0.000000s ]
ERR: 无法加载模块:Application

[ 2016-03-08T14:02:31+08:00 ] 192.168.2.233 /php/erp/test/Application/Admin/View/Public/css/theme/.css
INFO: [ app_init ] --START--
INFO: Run Behavior\BuildLiteBehavior [ RunTime:0.000000s ]
INFO: [ app_init ] --END-- [ RunTime:0.001000s ]
ERR: 无法加载模块:Application

[ 2016-03-08T14:13:45+08:00 ] 192.168.2.233 /php/erp/test/Application/Admin/View/Public/css/theme/.css
INFO: [ app_init ] --START--
INFO: Run Behavior\BuildLiteBehavior [ RunTime:0.000000s ]
INFO: [ app_init ] --END-- [ RunTime:0.001000s ]
ERR: 无法加载模块:Application

[ 2016-03-08T14:13:45+08:00 ] 192.168.2.233 /php/erp/test/Application/Admin/View/Public/css/theme/.css
INFO: [ app_init ] --START--
INFO: Run Behavior\BuildLiteBehavior [ RunTime:0.000000s ]
INFO: [ app_init ] --END-- [ RunTime:0.001000s ]
ERR: 无法加载模块:Application

[ 2016-03-08T14:13:46+08:00 ] 192.168.2.233 /php/erp/test/Application/Admin/View/Public/css/theme/.css
INFO: [ app_init ] --START--
INFO: Run Behavior\BuildLiteBehavior [ RunTime:0.000000s ]
INFO: [ app_init ] --END-- [ RunTime:0.000000s ]
ERR: 无法加载模块:Application

[ 2016-03-08T15:17:58+08:00 ] 192.168.2.233 /php/erp/test/index
INFO: [ app_init ] --START--
INFO: Run Behavior\BuildLiteBehavior [ RunTime:0.000000s ]
INFO: [ app_init ] --END-- [ RunTime:0.000000s ]
ERR: 无法加载模块:Index

