[ 2016-03-07T11:36:48+08:00 ] 192.168.2.233 /php/erp/test/logo.png
INFO: [ app_init ] --START--
INFO: Run Behavior\BuildLiteBehavior [ RunTime:0.000000s ]
INFO: [ app_init ] --END-- [ RunTime:0.001000s ]
ERR: 无法加载模块:Logo

[ 2016-03-07T11:43:44+08:00 ] 192.168.2.233 /php/erp/test/Application/Admin/View/Public/css/theme/.css
INFO: [ app_init ] --START--
INFO: Run Behavior\BuildLiteBehavior [ RunTime:0.000000s ]
INFO: [ app_init ] --END-- [ RunTime:0.000000s ]
ERR: 无法加载模块:Application

[ 2016-03-07T11:43:50+08:00 ] 192.168.2.233 /php/erp/test/Application/Admin/View/Public/css/theme/.css
INFO: [ app_init ] --START--
INFO: Run Behavior\BuildLiteBehavior [ RunTime:0.000000s ]
INFO: [ app_init ] --END-- [ RunTime:0.000000s ]
ERR: 无法加载模块:Application

[ 2016-03-07T11:44:10+08:00 ] 192.168.2.233 /php/erp/test/Application/Admin/View/Public/css/theme/.css
INFO: [ app_init ] --START--
INFO: Run Behavior\BuildLiteBehavior [ RunTime:0.000000s ]
INFO: [ app_init ] --END-- [ RunTime:0.001000s ]
ERR: 无法加载模块:Application

[ 2016-03-07T11:44:14+08:00 ] 192.168.2.233 /php/erp/test/Application/Admin/View/Public/css/theme/.css
INFO: [ app_init ] --START--
INFO: Run Behavior\BuildLiteBehavior [ RunTime:0.001000s ]
INFO: [ app_init ] --END-- [ RunTime:0.001000s ]
ERR: 无法加载模块:Application

[ 2016-03-07T11:44:15+08:00 ] 192.168.2.233 /php/erp/test/Application/Admin/View/Public/css/theme/.css
INFO: [ app_init ] --START--
INFO: Run Behavior\BuildLiteBehavior [ RunTime:0.000000s ]
INFO: [ app_init ] --END-- [ RunTime:0.001000s ]
ERR: 无法加载模块:Application

[ 2016-03-07T11:44:15+08:00 ] 192.168.2.233 /php/erp/test/Application/Admin/View/Public/css/theme/.css
INFO: [ app_init ] --START--
INFO: Run Behavior\BuildLiteBehavior [ RunTime:0.000000s ]
INFO: [ app_init ] --END-- [ RunTime:0.000000s ]
ERR: 无法加载模块:Application

[ 2016-03-07T11:44:16+08:00 ] 192.168.2.233 /php/erp/test/Application/Admin/View/Public/css/theme/.css
INFO: [ app_init ] --START--
INFO: Run Behavior\BuildLiteBehavior [ RunTime:0.000000s ]
INFO: [ app_init ] --END-- [ RunTime:0.000000s ]
ERR: 无法加载模块:Application

[ 2016-03-07T11:44:16+08:00 ] 192.168.2.233 /php/erp/test/Application/Admin/View/Public/css/theme/.css
INFO: [ app_init ] --START--
INFO: Run Behavior\BuildLiteBehavior [ RunTime:0.000000s ]
INFO: [ app_init ] --END-- [ RunTime:0.001001s ]
ERR: 无法加载模块:Application

[ 2016-03-07T11:44:16+08:00 ] 192.168.2.233 /php/erp/test/Application/Admin/View/Public/css/theme/.css
INFO: [ app_init ] --START--
INFO: Run Behavior\BuildLiteBehavior [ RunTime:0.000000s ]
INFO: [ app_init ] --END-- [ RunTime:0.000000s ]
ERR: 无法加载模块:Application

[ 2016-03-07T11:49:48+08:00 ] 192.168.2.233 /php/erp/test/Application/Admin/View/Public/css/theme/.css
INFO: [ app_init ] --START--
INFO: Run Behavior\BuildLiteBehavior [ RunTime:0.000000s ]
INFO: [ app_init ] --END-- [ RunTime:0.000000s ]
ERR: 无法加载模块:Application

[ 2016-03-07T11:49:48+08:00 ] 192.168.2.233 /php/erp/test/Application/Admin/View/Public/css/theme/.css
INFO: [ app_init ] --START--
INFO: Run Behavior\BuildLiteBehavior [ RunTime:0.000000s ]
INFO: [ app_init ] --END-- [ RunTime:0.000000s ]
ERR: 无法加载模块:Application

[ 2016-03-07T11:49:51+08:00 ] 192.168.2.233 /php/erp/test/Application/Admin/View/Public/css/theme/.css
INFO: [ app_init ] --START--
INFO: Run Behavior\BuildLiteBehavior [ RunTime:0.000000s ]
INFO: [ app_init ] --END-- [ RunTime:0.000000s ]
ERR: 无法加载模块:Application

