[ 2016-04-15T09:04:46+08:00 ] 192.168.2.233 /php/erp/test/logo.png
INFO: [ app_init ] --START--
INFO: Run Behavior\BuildLiteBehavior [ RunTime:0.000000s ]
INFO: [ app_init ] --END-- [ RunTime:0.001000s ]
ERR: 无法加载模块:Logo

[ 2016-04-15T09:08:42+08:00 ] 192.168.2.233 /php/erp/test/logo.png
INFO: [ app_init ] --START--
INFO: Run Behavior\BuildLiteBehavior [ RunTime:0.000000s ]
INFO: [ app_init ] --END-- [ RunTime:0.001000s ]
ERR: 无法加载模块:Logo

[ 2016-04-15T17:57:40+08:00 ] 192.168.2.233 /php/erp/test/Public/libs/bootstrap_datetimepicker/js/bootstrap-datetimepicker
INFO: [ app_init ] --START--
INFO: Run Behavior\BuildLiteBehavior [ RunTime:0.000000s ]
INFO: [ app_init ] --END-- [ RunTime:0.001000s ]
ERR: 无法加载模块:Public

[ 2016-04-15T17:57:40+08:00 ] 192.168.2.233 /php/erp/test/Public/libs/cui/js/cui
INFO: [ app_init ] --START--
INFO: Run Behavior\BuildLiteBehavior [ RunTime:0.000000s ]
INFO: [ app_init ] --END-- [ RunTime:0.002001s ]
ERR: 无法加载模块:Public

[ 2016-04-15T17:57:40+08:00 ] 192.168.2.233 /php/erp/test/Application/Admin/View/Public/js/admin
INFO: [ app_init ] --START--
INFO: Run Behavior\BuildLiteBehavior [ RunTime:0.000000s ]
INFO: [ app_init ] --END-- [ RunTime:0.002001s ]
ERR: 无法加载模块:Application

[ 2016-04-15T17:57:40+08:00 ] 192.168.2.233 /php/erp/test/Public/libs/bootstrap_datetimepicker/js/locales/bootstrap-datetimepicker
INFO: [ app_init ] --START--
INFO: Run Behavior\BuildLiteBehavior [ RunTime:0.000000s ]
INFO: [ app_init ] --END-- [ RunTime:0.002000s ]
ERR: 无法加载模块:Public

[ 2016-04-15T17:57:49+08:00 ] 192.168.2.233 /php/erp/test/Public/libs/cui/js/cui
INFO: [ app_init ] --START--
INFO: Run Behavior\BuildLiteBehavior [ RunTime:0.000000s ]
INFO: [ app_init ] --END-- [ RunTime:0.002001s ]
ERR: 无法加载模块:Public

[ 2016-04-15T17:57:49+08:00 ] 192.168.2.233 /php/erp/test/Application/Admin/View/Public/js/admin
INFO: [ app_init ] --START--
INFO: Run Behavior\BuildLiteBehavior [ RunTime:0.000000s ]
INFO: [ app_init ] --END-- [ RunTime:0.003000s ]
ERR: 无法加载模块:Application

[ 2016-04-15T17:57:49+08:00 ] 192.168.2.233 /php/erp/test/Public/libs/bootstrap_datetimepicker/js/bootstrap-datetimepicker
INFO: [ app_init ] --START--
INFO: Run Behavior\BuildLiteBehavior [ RunTime:0.000000s ]
INFO: [ app_init ] --END-- [ RunTime:0.002000s ]
ERR: 无法加载模块:Public

[ 2016-04-15T17:57:49+08:00 ] 192.168.2.233 /php/erp/test/Public/libs/bootstrap_datetimepicker/js/locales/bootstrap-datetimepicker
INFO: [ app_init ] --START--
INFO: Run Behavior\BuildLiteBehavior [ RunTime:0.000000s ]
INFO: [ app_init ] --END-- [ RunTime:0.001000s ]
ERR: 无法加载模块:Public

[ 2016-04-15T17:58:21+08:00 ] 192.168.2.233 /php/erp/test/Application/Admin/View/Public/js/admin
INFO: [ app_init ] --START--
INFO: Run Behavior\BuildLiteBehavior [ RunTime:0.000000s ]
INFO: [ app_init ] --END-- [ RunTime:0.001000s ]
ERR: 无法加载模块:Application

[ 2016-04-15T17:58:21+08:00 ] 192.168.2.233 /php/erp/test/Public/libs/cui/js/cui
INFO: [ app_init ] --START--
INFO: Run Behavior\BuildLiteBehavior [ RunTime:0.000000s ]
INFO: [ app_init ] --END-- [ RunTime:0.001000s ]
ERR: 无法加载模块:Public

[ 2016-04-15T17:58:21+08:00 ] 192.168.2.233 /php/erp/test/Public/libs/bootstrap_datetimepicker/js/bootstrap-datetimepicker
INFO: [ app_init ] --START--
INFO: Run Behavior\BuildLiteBehavior [ RunTime:0.000000s ]
INFO: [ app_init ] --END-- [ RunTime:0.002000s ]
ERR: 无法加载模块:Public

[ 2016-04-15T17:58:21+08:00 ] 192.168.2.233 /php/erp/test/Public/libs/bootstrap_datetimepicker/js/locales/bootstrap-datetimepicker
INFO: [ app_init ] --START--
INFO: Run Behavior\BuildLiteBehavior [ RunTime:0.000000s ]
INFO: [ app_init ] --END-- [ RunTime:0.003000s ]
ERR: 无法加载模块:Public

[ 2016-04-15T17:58:26+08:00 ] 192.168.2.233 /php/erp/test/Public/libs/bootstrap_datetimepicker/js/locales/bootstrap-datetimepicker
INFO: [ app_init ] --START--
INFO: Run Behavior\BuildLiteBehavior [ RunTime:0.000000s ]
INFO: [ app_init ] --END-- [ RunTime:0.001000s ]
ERR: 无法加载模块:Public

[ 2016-04-15T17:58:26+08:00 ] 192.168.2.233 /php/erp/test/Public/libs/cui/js/cui
INFO: [ app_init ] --START--
INFO: Run Behavior\BuildLiteBehavior [ RunTime:0.001000s ]
INFO: [ app_init ] --END-- [ RunTime:0.004001s ]
ERR: 无法加载模块:Public

[ 2016-04-15T17:58:26+08:00 ] 192.168.2.233 /php/erp/test/Public/libs/bootstrap_datetimepicker/js/bootstrap-datetimepicker
INFO: [ app_init ] --START--
INFO: Run Behavior\BuildLiteBehavior [ RunTime:0.000000s ]
INFO: [ app_init ] --END-- [ RunTime:0.010001s ]
ERR: 无法加载模块:Public

[ 2016-04-15T17:58:26+08:00 ] 192.168.2.233 /php/erp/test/Public/libs/jquery_smartmenu/js/jquery-smartMenu-min
INFO: [ app_init ] --START--
INFO: Run Behavior\BuildLiteBehavior [ RunTime:0.001000s ]
INFO: [ app_init ] --END-- [ RunTime:0.009001s ]
ERR: 无法加载模块:Public

[ 2016-04-15T17:58:26+08:00 ] 192.168.2.233 /php/erp/test/Application/Admin/View/Public/js/admin
INFO: [ app_init ] --START--
INFO: Run Behavior\BuildLiteBehavior [ RunTime:0.001001s ]
INFO: [ app_init ] --END-- [ RunTime:0.010001s ]
ERR: 无法加载模块:Application

[ 2016-04-15T17:58:41+08:00 ] 192.168.2.233 /php/erp/test/Public/libs/bootstrap_datetimepicker/js/bootstrap-datetimepicker
INFO: [ app_init ] --START--
INFO: Run Behavior\BuildLiteBehavior [ RunTime:0.000000s ]
INFO: [ app_init ] --END-- [ RunTime:0.001000s ]
ERR: 无法加载模块:Public

[ 2016-04-15T17:58:41+08:00 ] 192.168.2.233 /php/erp/test/Application/Admin/View/Public/js/admin
INFO: [ app_init ] --START--
INFO: Run Behavior\BuildLiteBehavior [ RunTime:0.000000s ]
INFO: [ app_init ] --END-- [ RunTime:0.002000s ]
ERR: 无法加载模块:Application

[ 2016-04-15T17:58:41+08:00 ] 192.168.2.233 /php/erp/test/Public/libs/bootstrap_datetimepicker/js/locales/bootstrap-datetimepicker
INFO: [ app_init ] --START--
INFO: Run Behavior\BuildLiteBehavior [ RunTime:0.000000s ]
INFO: [ app_init ] --END-- [ RunTime:0.002000s ]
ERR: 无法加载模块:Public

[ 2016-04-15T17:59:57+08:00 ] 192.168.2.233 /php/erp/test/Public/libs/bootstrap_datetimepicker/js/bootstrap-datetimepicker
INFO: [ app_init ] --START--
INFO: Run Behavior\BuildLiteBehavior [ RunTime:0.000000s ]
INFO: [ app_init ] --END-- [ RunTime:0.001000s ]
ERR: 无法加载模块:Public

[ 2016-04-15T17:59:57+08:00 ] 192.168.2.233 /php/erp/test/Application/Admin/View/Public/js/admin
INFO: [ app_init ] --START--
INFO: Run Behavior\BuildLiteBehavior [ RunTime:0.000000s ]
INFO: [ app_init ] --END-- [ RunTime:0.002000s ]
ERR: 无法加载模块:Application

[ 2016-04-15T17:59:57+08:00 ] 192.168.2.233 /php/erp/test/Public/libs/cui/js/cui
INFO: [ app_init ] --START--
INFO: Run Behavior\BuildLiteBehavior [ RunTime:0.000000s ]
INFO: [ app_init ] --END-- [ RunTime:0.002000s ]
ERR: 无法加载模块:Public

[ 2016-04-15T17:59:57+08:00 ] 192.168.2.233 /php/erp/test/Public/libs/bootstrap_datetimepicker/js/locales/bootstrap-datetimepicker
INFO: [ app_init ] --START--
INFO: Run Behavior\BuildLiteBehavior [ RunTime:0.000000s ]
INFO: [ app_init ] --END-- [ RunTime:0.002000s ]
ERR: 无法加载模块:Public

[ 2016-04-15T18:00:35+08:00 ] 192.168.2.233 /php/erp/test/Public/libs/cui/js/cui
INFO: [ app_init ] --START--
INFO: Run Behavior\BuildLiteBehavior [ RunTime:0.000000s ]
INFO: [ app_init ] --END-- [ RunTime:0.002000s ]
ERR: 无法加载模块:Public

[ 2016-04-15T18:00:35+08:00 ] 192.168.2.233 /php/erp/test/Application/Admin/View/Public/js/admin
INFO: [ app_init ] --START--
INFO: Run Behavior\BuildLiteBehavior [ RunTime:0.000000s ]
INFO: [ app_init ] --END-- [ RunTime:0.001000s ]
ERR: 无法加载模块:Application

[ 2016-04-15T18:00:35+08:00 ] 192.168.2.233 /php/erp/test/Public/libs/bootstrap_datetimepicker/js/bootstrap-datetimepicker
INFO: [ app_init ] --START--
INFO: Run Behavior\BuildLiteBehavior [ RunTime:0.000000s ]
INFO: [ app_init ] --END-- [ RunTime:0.002001s ]
ERR: 无法加载模块:Public

[ 2016-04-15T18:00:35+08:00 ] 192.168.2.233 /php/erp/test/Public/libs/bootstrap_datetimepicker/js/locales/bootstrap-datetimepicker
INFO: [ app_init ] --START--
INFO: Run Behavior\BuildLiteBehavior [ RunTime:0.001000s ]
INFO: [ app_init ] --END-- [ RunTime:0.002000s ]
ERR: 无法加载模块:Public

[ 2016-04-15T18:00:40+08:00 ] 192.168.2.233 /php/erp/test/Public/libs/bootstrap_datetimepicker/js/bootstrap-datetimepicker
INFO: [ app_init ] --START--
INFO: Run Behavior\BuildLiteBehavior [ RunTime:0.000000s ]
INFO: [ app_init ] --END-- [ RunTime:0.002000s ]
ERR: 无法加载模块:Public

[ 2016-04-15T18:00:40+08:00 ] 192.168.2.233 /php/erp/test/Public/libs/cui/js/cui
INFO: [ app_init ] --START--
INFO: Run Behavior\BuildLiteBehavior [ RunTime:0.000000s ]
INFO: [ app_init ] --END-- [ RunTime:0.001000s ]
ERR: 无法加载模块:Public

[ 2016-04-15T18:00:40+08:00 ] 192.168.2.233 /php/erp/test/Application/Admin/View/Public/js/admin
INFO: [ app_init ] --START--
INFO: Run Behavior\BuildLiteBehavior [ RunTime:0.000000s ]
INFO: [ app_init ] --END-- [ RunTime:0.002000s ]
ERR: 无法加载模块:Application

[ 2016-04-15T18:00:40+08:00 ] 192.168.2.233 /php/erp/test/Public/libs/bootstrap_datetimepicker/js/locales/bootstrap-datetimepicker
INFO: [ app_init ] --START--
INFO: Run Behavior\BuildLiteBehavior [ RunTime:0.001000s ]
INFO: [ app_init ] --END-- [ RunTime:0.001000s ]
ERR: 无法加载模块:Public

[ 2016-04-15T18:02:15+08:00 ] 192.168.2.233 /php/erp/test/Public/libs/cui/js/cui
INFO: [ app_init ] --START--
INFO: Run Behavior\BuildLiteBehavior [ RunTime:0.000000s ]
INFO: [ app_init ] --END-- [ RunTime:0.002000s ]
ERR: 无法加载模块:Public

[ 2016-04-15T18:02:15+08:00 ] 192.168.2.233 /php/erp/test/Application/Admin/View/Public/js/admin
INFO: [ app_init ] --START--
INFO: Run Behavior\BuildLiteBehavior [ RunTime:0.000000s ]
INFO: [ app_init ] --END-- [ RunTime:0.002000s ]
ERR: 无法加载模块:Application

[ 2016-04-15T18:02:15+08:00 ] 192.168.2.233 /php/erp/test/Public/libs/bootstrap_datetimepicker/js/bootstrap-datetimepicker
INFO: [ app_init ] --START--
INFO: Run Behavior\BuildLiteBehavior [ RunTime:0.000000s ]
INFO: [ app_init ] --END-- [ RunTime:0.006001s ]
ERR: 无法加载模块:Public

[ 2016-04-15T18:02:15+08:00 ] 192.168.2.233 /php/erp/test/Public/libs/bootstrap_datetimepicker/js/locales/bootstrap-datetimepicker
INFO: [ app_init ] --START--
INFO: Run Behavior\BuildLiteBehavior [ RunTime:0.000000s ]
INFO: [ app_init ] --END-- [ RunTime:0.001000s ]
ERR: 无法加载模块:Public

[ 2016-04-15T18:04:24+08:00 ] 192.168.2.233 /php/erp/test/Public/libs/cui/js/cui
INFO: [ app_init ] --START--
INFO: Run Behavior\BuildLiteBehavior [ RunTime:0.001000s ]
INFO: [ app_init ] --END-- [ RunTime:0.002000s ]
ERR: 无法加载模块:Public

[ 2016-04-15T18:04:24+08:00 ] 192.168.2.233 /php/erp/test/Public/libs/bootstrap_datetimepicker/js/bootstrap-datetimepicker
INFO: [ app_init ] --START--
INFO: Run Behavior\BuildLiteBehavior [ RunTime:0.000000s ]
INFO: [ app_init ] --END-- [ RunTime:0.001000s ]
ERR: 无法加载模块:Public

[ 2016-04-15T18:04:24+08:00 ] 192.168.2.233 /php/erp/test/Public/libs/bootstrap_datetimepicker/js/locales/bootstrap-datetimepicker
INFO: [ app_init ] --START--
INFO: Run Behavior\BuildLiteBehavior [ RunTime:0.000000s ]
INFO: [ app_init ] --END-- [ RunTime:0.001000s ]
ERR: 无法加载模块:Public

[ 2016-04-15T18:04:24+08:00 ] 192.168.2.233 /php/erp/test/Application/Admin/View/Public/js/admin
INFO: [ app_init ] --START--
INFO: Run Behavior\BuildLiteBehavior [ RunTime:0.001000s ]
INFO: [ app_init ] --END-- [ RunTime:0.002000s ]
ERR: 无法加载模块:Application

