[ 2016-03-09T09:22:46+08:00 ] 192.168.2.233 /php/erp/test/logo.png
INFO: [ app_init ] --START--
INFO: Run Behavior\BuildLiteBehavior [ RunTime:0.000000s ]
INFO: [ app_init ] --END-- [ RunTime:0.000000s ]
ERR: 无法加载模块:Logo

[ 2016-03-09T11:43:09+08:00 ] 192.168.2.233 /php/erp/test/index
INFO: [ app_init ] --START--
INFO: Run Behavior\BuildLiteBehavior [ RunTime:0.000000s ]
INFO: [ app_init ] --END-- [ RunTime:0.000000s ]
ERR: 无法加载模块:Index

[ 2016-03-09T16:42:21+08:00 ] 192.168.2.233 /php/erp/test/Public/libs/jquery_smartment/css/smartMenu.css
INFO: [ app_init ] --START--
INFO: Run Behavior\BuildLiteBehavior [ RunTime:0.000000s ]
INFO: [ app_init ] --END-- [ RunTime:0.000000s ]
ERR: 无法加载模块:Public

[ 2016-03-09T16:50:53+08:00 ] 192.168.2.233 /php/erp/test/index.phpAdmin/supplierInfo.html?id=3
INFO: [ app_init ] --START--
INFO: Run Behavior\BuildLiteBehavior [ RunTime:0.000000s ]
INFO: [ app_init ] --END-- [ RunTime:0.000000s ]
ERR: 无法加载模块:Index.phpAdmin

