[ 2016-04-20T09:20:00+08:00 ] 192.168.2.233 /php/erp/test/index.php/Admin/Stock/index.html
INFO: [ app_init ] --START--
INFO: Run Behavior\BuildLiteBehavior [ RunTime:0.001000s ]
INFO: [ app_init ] --END-- [ RunTime:0.002000s ]
INFO: [ app_begin ] --START--
INFO: Run Behavior\ReadHtmlCacheBehavior [ RunTime:0.012001s ]
ERR: ------------------------------InitConfig-----start------------------------------------
INFO: Run Common\Behavior\InitConfigBehavior [ RunTime:0.065003s ]
INFO: [ app_begin ] --END-- [ RunTime:0.078005s ]
INFO: [ action_begin ] --START--
ERR: ------------------------------LogBehavior-----start------------------------------------
ERR: ACTION: Admin/Stock/index
ERR: get param: []
INFO: Run Admin\Behavior\LogBehavior [ RunTime:0.019001s ]
INFO: [ action_begin ] --END-- [ RunTime:0.020001s ]
SQL: SHOW COLUMNS FROM `erp_warehouse` [ RunTime:0.1410s ]
NOTIC: [2] Missing argument 1 for Common\Model\CommonModel::getDataList(), called in D:\xampp\htdocs\php\erp\test\Application\Admin\Controller\StockController.class.php on line 21 and defined D:\xampp\htdocs\php\erp\test\Application\Common\Model\CommonModel.class.php 第 38 行.
NOTIC: [8] Undefined variable: data D:\xampp\htdocs\php\erp\test\Application\Common\Model\CommonModel.class.php 第 39 行.
SQL: SELECT * FROM `erp_warehouse`  [ RunTime:0.0010s ]
SQL: SHOW COLUMNS FROM `erp_partner` [ RunTime:0.0390s ]
SQL: SELECT * FROM `erp_partner` WHERE `id` = 2 LIMIT 1   [ RunTime:0.0010s ]
SQL: SELECT * FROM `erp_partner` WHERE `id` = 2 LIMIT 1   [ RunTime:0.0000s ]
SQL: SELECT * FROM `erp_partner` WHERE `id` = 1 LIMIT 1   [ RunTime:0.0000s ]
INFO: [ view_parse ] --START--
INFO: [ template_filter ] --START--
INFO: Run Behavior\ContentReplaceBehavior [ RunTime:0.000000s ]
INFO: [ template_filter ] --END-- [ RunTime:0.002000s ]
INFO: Run Behavior\ParseTemplateBehavior [ RunTime:0.313018s ]
INFO: [ view_parse ] --END-- [ RunTime:0.314018s ]
INFO: [ view_filter ] --START--
INFO: Run Behavior\WriteHtmlCacheBehavior [ RunTime:0.042002s ]
INFO: [ view_filter ] --END-- [ RunTime:0.043002s ]
INFO: [ app_end ] --START--
INFO: Run Behavior\ShowPageTraceBehavior [ RunTime:0.086005s ]
INFO: [ app_end ] --END-- [ RunTime:0.087005s ]

[ 2016-04-20T11:47:31+08:00 ] 192.168.2.233 /php/erp/test/index.php/Admin/Goods/procurement.html
INFO: [ app_init ] --START--
INFO: Run Behavior\BuildLiteBehavior [ RunTime:0.001000s ]
INFO: [ app_init ] --END-- [ RunTime:0.001000s ]
INFO: [ app_begin ] --START--
INFO: Run Behavior\ReadHtmlCacheBehavior [ RunTime:0.001000s ]
ERR: ------------------------------InitConfig-----start------------------------------------
INFO: Run Common\Behavior\InitConfigBehavior [ RunTime:0.002000s ]
INFO: [ app_begin ] --END-- [ RunTime:0.004000s ]
INFO: [ action_begin ] --START--
ERR: ------------------------------LogBehavior-----start------------------------------------
ERR: ACTION: Admin/Goods/procurement
ERR: get param: []
INFO: Run Admin\Behavior\LogBehavior [ RunTime:0.001000s ]
INFO: [ action_begin ] --END-- [ RunTime:0.002000s ]
SQL: SHOW COLUMNS FROM `erp_goods` [ RunTime:0.0080s ]
NOTIC: [2] Missing argument 1 for Common\Model\CommonModel::getDataList(), called in D:\xampp\htdocs\php\erp\test\Application\Admin\Controller\GoodsController.class.php on line 131 and defined D:\xampp\htdocs\php\erp\test\Application\Common\Model\CommonModel.class.php 第 38 行.
NOTIC: [8] Undefined variable: data D:\xampp\htdocs\php\erp\test\Application\Common\Model\CommonModel.class.php 第 39 行.
SQL: SELECT * FROM `erp_goods`  [ RunTime:0.0180s ]
SQL: SHOW COLUMNS FROM `erp_supplier` [ RunTime:0.0330s ]
NOTIC: [2] Missing argument 1 for Common\Model\CommonModel::getDataList(), called in D:\xampp\htdocs\php\erp\test\Application\Admin\Controller\GoodsController.class.php on line 132 and defined D:\xampp\htdocs\php\erp\test\Application\Common\Model\CommonModel.class.php 第 38 行.
NOTIC: [8] Undefined variable: data D:\xampp\htdocs\php\erp\test\Application\Common\Model\CommonModel.class.php 第 39 行.
SQL: SELECT * FROM `erp_supplier`  [ RunTime:0.0010s ]
SQL: SHOW COLUMNS FROM `erp_partner` [ RunTime:0.0020s ]
NOTIC: [2] Missing argument 1 for Common\Model\CommonModel::getDataList(), called in D:\xampp\htdocs\php\erp\test\Application\Admin\Controller\GoodsController.class.php on line 133 and defined D:\xampp\htdocs\php\erp\test\Application\Common\Model\CommonModel.class.php 第 38 行.
NOTIC: [8] Undefined variable: data D:\xampp\htdocs\php\erp\test\Application\Common\Model\CommonModel.class.php 第 39 行.
SQL: SELECT * FROM `erp_partner`  [ RunTime:0.0000s ]
INFO: [ view_parse ] --START--
INFO: [ template_filter ] --START--
INFO: Run Behavior\ContentReplaceBehavior [ RunTime:0.001000s ]
INFO: [ template_filter ] --END-- [ RunTime:0.001000s ]
INFO: Run Behavior\ParseTemplateBehavior [ RunTime:0.071004s ]
INFO: [ view_parse ] --END-- [ RunTime:0.071004s ]
INFO: [ view_filter ] --START--
INFO: Run Behavior\WriteHtmlCacheBehavior [ RunTime:0.001000s ]
INFO: [ view_filter ] --END-- [ RunTime:0.001000s ]
INFO: [ app_end ] --START--
INFO: Run Behavior\ShowPageTraceBehavior [ RunTime:0.001000s ]
INFO: [ app_end ] --END-- [ RunTime:0.002000s ]

[ 2016-04-20T11:47:32+08:00 ] 192.168.2.233 /php/erp/test/index.php/Admin/Goods/goodsList.html
INFO: [ app_init ] --START--
INFO: Run Behavior\BuildLiteBehavior [ RunTime:0.000000s ]
INFO: [ app_init ] --END-- [ RunTime:0.001000s ]
INFO: [ app_begin ] --START--
INFO: Run Behavior\ReadHtmlCacheBehavior [ RunTime:0.001000s ]
ERR: ------------------------------InitConfig-----start------------------------------------
INFO: Run Common\Behavior\InitConfigBehavior [ RunTime:0.002000s ]
INFO: [ app_begin ] --END-- [ RunTime:0.003000s ]
INFO: [ action_begin ] --START--
ERR: ------------------------------LogBehavior-----start------------------------------------
ERR: ACTION: Admin/Goods/goodsList
ERR: get param: []
INFO: Run Admin\Behavior\LogBehavior [ RunTime:0.002001s ]
INFO: [ action_begin ] --END-- [ RunTime:0.002001s ]
SQL: SHOW COLUMNS FROM `erp_goods` [ RunTime:0.0020s ]
NOTIC: [2] Missing argument 1 for Admin\Logic\GoodsLogic::getGoodsList(), called in D:\xampp\htdocs\php\erp\test\Application\Admin\Controller\GoodsController.class.php on line 208 and defined D:\xampp\htdocs\php\erp\test\Application\Admin\Logic\GoodsLogic.class.php 第 308 行.
NOTIC: [2] Missing argument 2 for Admin\Logic\GoodsLogic::getGoodsList(), called in D:\xampp\htdocs\php\erp\test\Application\Admin\Controller\GoodsController.class.php on line 208 and defined D:\xampp\htdocs\php\erp\test\Application\Admin\Logic\GoodsLogic.class.php 第 308 行.
NOTIC: [2] Missing argument 3 for Admin\Logic\GoodsLogic::getGoodsList(), called in D:\xampp\htdocs\php\erp\test\Application\Admin\Controller\GoodsController.class.php on line 208 and defined D:\xampp\htdocs\php\erp\test\Application\Admin\Logic\GoodsLogic.class.php 第 308 行.
SQL: SHOW COLUMNS FROM `erp_goods` [ RunTime:0.0010s ]
NOTIC: [8] Undefined variable: data D:\xampp\htdocs\php\erp\test\Application\Admin\Logic\GoodsLogic.class.php 第 309 行.
NOTIC: [8] Undefined variable: limit D:\xampp\htdocs\php\erp\test\Application\Admin\Logic\GoodsLogic.class.php 第 309 行.
NOTIC: [8] Undefined variable: page D:\xampp\htdocs\php\erp\test\Application\Admin\Logic\GoodsLogic.class.php 第 309 行.
NOTIC: [8] Undefined index: limit D:\xampp\htdocs\php\erp\test\ThinkPHP\Library\Think\Db\Driver.class.php 第 961 行.
SQL: SELECT * FROM `erp_goods` LIMIT 0,20   [ RunTime:0.0000s ]
SQL: SHOW COLUMNS FROM `erp_goods_group` [ RunTime:0.0200s ]
SQL: SELECT * FROM `erp_goods_group` WHERE `id` = 1 LIMIT 1   [ RunTime:0.0000s ]
SQL: SELECT * FROM `erp_goods_group` WHERE `id` = 1 LIMIT 1   [ RunTime:0.0010s ]
SQL: SELECT * FROM `erp_goods_group` WHERE `id` = 3 LIMIT 1   [ RunTime:0.0000s ]
SQL: SELECT * FROM `erp_goods_group` WHERE `id` = 3 LIMIT 1   [ RunTime:0.0000s ]
SQL: SELECT * FROM `erp_goods_group` WHERE `id` = 3 LIMIT 1   [ RunTime:0.0010s ]
SQL: SELECT * FROM `erp_goods_group` WHERE `id` = 2 LIMIT 1   [ RunTime:0.0000s ]
INFO: [ view_parse ] --START--
INFO: [ template_filter ] --START--
INFO: Run Behavior\ContentReplaceBehavior [ RunTime:0.000000s ]
INFO: [ template_filter ] --END-- [ RunTime:0.002000s ]
INFO: Run Behavior\ParseTemplateBehavior [ RunTime:0.082005s ]
INFO: [ view_parse ] --END-- [ RunTime:0.082005s ]
INFO: [ view_filter ] --START--
INFO: Run Behavior\WriteHtmlCacheBehavior [ RunTime:0.001000s ]
INFO: [ view_filter ] --END-- [ RunTime:0.002000s ]
INFO: [ app_end ] --START--
INFO: Run Behavior\ShowPageTraceBehavior [ RunTime:0.002000s ]
INFO: [ app_end ] --END-- [ RunTime:0.002000s ]

